core   0: 0x0000000000010000 (0x0010041b) addiw   s0, zero, 1
core   0: 0x0000000000010004 (0x01f41413) slli    s0, s0, 31
core   0: 0x0000000000010008 (0xf1402573) csrr    a0, mhartid
core   0: 0x000000000001000c (0x00000597) auipc   a1, 0x0
core   0: 0x0000000000010010 (0x07458593) addi    a1, a1, 116
core   0: 0x0000000000010014 (0x00008402) c.jr    s0
core   0: 0x0000000080000000 (0x00000093) li      ra, 0
core   0: 0x0000000080000004 (0x00000113) li      sp, 0
core   0: 0x0000000080000008 (0x00000193) li      gp, 0
core   0: 0x000000008000000c (0x00000213) li      tp, 0
core   0: 0x0000000080000010 (0x00000293) li      t0, 0
core   0: 0x0000000080000014 (0x00000313) li      t1, 0
core   0: 0x0000000080000018 (0x00000393) li      t2, 0
core   0: 0x000000008000001c (0x00000413) li      s0, 0
core   0: 0x0000000080000020 (0x00000493) li      s1, 0
core   0: 0x0000000080000024 (0x00000513) li      a0, 0
core   0: 0x0000000080000028 (0x00000593) li      a1, 0
core   0: 0x000000008000002c (0x00000613) li      a2, 0
core   0: 0x0000000080000030 (0x00000693) li      a3, 0
core   0: 0x0000000080000034 (0x00000713) li      a4, 0
core   0: 0x0000000080000038 (0x00000793) li      a5, 0
core   0: 0x000000008000003c (0x00000813) li      a6, 0
core   0: 0x0000000080000040 (0x00000893) li      a7, 0
core   0: 0x0000000080000044 (0x00000913) li      s2, 0
core   0: 0x0000000080000048 (0x00000993) li      s3, 0
core   0: 0x000000008000004c (0x00000a13) li      s4, 0
core   0: 0x0000000080000050 (0x00000a93) li      s5, 0
core   0: 0x0000000080000054 (0x00000b13) li      s6, 0
core   0: 0x0000000080000058 (0x00000b93) li      s7, 0
core   0: 0x000000008000005c (0x00000c13) li      s8, 0
core   0: 0x0000000080000060 (0x00000c93) li      s9, 0
core   0: 0x0000000080000064 (0x00000d13) li      s10, 0
core   0: 0x0000000080000068 (0x00000d93) li      s11, 0
core   0: 0x000000008000006c (0x00000e13) li      t3, 0
core   0: 0x0000000080000070 (0x00000e93) li      t4, 0
core   0: 0x0000000080000074 (0x00000f13) li      t5, 0
core   0: 0x0000000080000078 (0x00000f93) li      t6, 0
core   0: 0x000000008000007c (0x0001e2b7) lui     t0, 0x1e
core   0: 0x0000000080000080 (0x3002a073) csrs    mstatus, t0
core   0: 0x0000000080000084 (0x00100293) li      t0, 1
core   0: 0x0000000080000088 (0x01f29293) slli    t0, t0, 31
core   0: 0x000000008000008c (0x0002da63) bgez    t0, pc + 20
core   0: 0x00000000800000a0 (0x00000297) auipc   t0, 0x0
core   0: 0x00000000800000a4 (0x04028293) addi    t0, t0, 64
core   0: 0x00000000800000a8 (0x30529073) csrw    mtvec, t0
core   0: 0x00000000800000ac (0x00003197) auipc   gp, 0x3
core   0: 0x00000000800000b0 (0x0a418193) addi    gp, gp, 164
core   0: 0x00000000800000b4 (0x86f18213) addi    tp, gp, -1937
core   0: 0x00000000800000b8 (0xfc027213) andi    tp, tp, -64
core   0: 0x00000000800000bc (0xf1402573) csrr    a0, mhartid
core   0: 0x00000000800000c0 (0x00100593) li      a1, 1
core   0: 0x00000000800000c4 (0x00b57063) bgeu    a0, a1, pc + 0
core   0: 0x00000000800000c8 (0x01151613) slli    a2, a0, 17
core   0: 0x00000000800000cc (0x00c20233) add     tp, tp, a2
core   0: 0x00000000800000d0 (0x00150113) addi    sp, a0, 1
core   0: 0x00000000800000d4 (0x01111113) slli    sp, sp, 17
core   0: 0x00000000800000d8 (0x00410133) add     sp, sp, tp
core   0: 0x00000000800000dc (0x1200206f) j       pc + 0x2120
core   0: 0x00000000800021fc (0xf6010113) addi    sp, sp, -160
core   0: 0x0000000080002200 (0x00000593) li      a1, 0
core   0: 0x0000000080002204 (0x00000513) li      a0, 0
core   0: 0x0000000080002208 (0x08813823) sd      s0, 144(sp)
core   0: 0x000000008000220c (0x08913423) sd      s1, 136(sp)
core   0: 0x0000000080002210 (0x09213023) sd      s2, 128(sp)
core   0: 0x0000000080002214 (0x08113c23) sd      ra, 152(sp)
core   0: 0x0000000080002218 (0x07313c23) sd      s3, 120(sp)
core   0: 0x000000008000221c (0x00000917) auipc   s2, 0x0
core   0: 0x0000000080002220 (0x73490913) addi    s2, s2, 1844
core   0: 0x0000000080002224 (0x368000ef) jal     pc + 0x368
core   0: 0x000000008000258c (0x00000013) nop
core   0: 0x0000000080002590 (0x00000013) nop
core   0: 0x0000000080002594 (0x00000013) nop
core   0: 0x0000000080002598 (0x00000013) nop
core   0: 0x000000008000259c (0x00000013) nop
core   0: 0x00000000800025a0 (0x00000013) nop
core   0: 0x00000000800025a4 (0x00000013) nop
core   0: 0x00000000800025a8 (0x00178793) addi    a5, a5, 1
core   0: 0x00000000800025ac (0x00000013) nop
core   0: 0x00000000800025b0 (0x00000013) nop
core   0: 0x00000000800025b4 (0x00000013) nop
core   0: 0x00000000800025b8 (0x00000013) nop
core   0: 0x00000000800025bc (0x00000013) nop
core   0: 0x00000000800025c0 (0x00000013) nop
core   0: 0x00000000800025c4 (0x00000013) nop
core   0: 0x00000000800025c8 (0x00000013) nop
core   0: 0x00000000800025cc (0x00000013) nop
core   0: 0x00000000800025d0 (0x00000013) nop
core   0: 0x00000000800025d4 (0x00000013) nop
core   0: 0x00000000800025d8 (0x00000013) nop
core   0: 0x00000000800025dc (0x00000013) nop
core   0: 0x00000000800025e0 (0x00000013) nop
core   0: 0x00000000800025e4 (0x00000013) nop
core   0: 0x00000000800025e8 (0x00000013) nop
core   0: 0x00000000800025ec (0x00000013) nop
core   0: 0x00000000800025f0 (0x00000013) nop
core   0: 0x00000000800025f4 (0x00000013) nop
core   0: 0x00000000800025f8 (0x00000013) nop
core   0: 0x00000000800025fc (0x00000013) nop
core   0: 0x0000000080002600 (0x00000013) nop
core   0: 0x0000000080002604 (0x00000013) nop
core   0: 0x0000000080002608 (0x00000013) nop
core   0: 0x000000008000260c (0x00000013) nop
core   0: 0x0000000080002610 (0x00000013) nop
core   0: 0x0000000080002614 (0x00000013) nop
core   0: 0x0000000080002618 (0x00000013) nop
core   0: 0x000000008000261c (0x00000013) nop
core   0: 0x0000000080002620 (0x00000013) nop
core   0: 0x0000000080002624 (0x00000013) nop
core   0: 0x0000000080002628 (0x00000013) nop
core   0: 0x000000008000262c (0x00000513) li      a0, 0
core   0: 0x0000000080002630 (0x00008067) ret
core   0: 0x0000000080002228 (0x00093683) ld      a3, 0(s2)
core   0: 0x000000008000222c (0x03f10413) addi    s0, sp, 63
core   0: 0x0000000080002230 (0xfc047413) andi    s0, s0, -64
core   0: 0x0000000080002234 (0x00050493) mv      s1, a0
core   0: 0x0000000080002238 (0x04069063) bnez    a3, pc + 64
core   0: 0x000000008000223c (0x00893683) ld      a3, 8(s2)
core   0: 0x0000000080002240 (0x00069663) bnez    a3, pc + 12
core   0: 0x0000000080002244 (0x00048513) mv      a0, s1
core   0: 0x0000000080002248 (0xb9dff0ef) jal     pc - 0x464
core   0: 0x0000000080001de4 (0x00151793) slli    a5, a0, 1
core   0: 0x0000000080001de8 (0x0017e793) ori     a5, a5, 1
core   0: 0x0000000080001dec (0xfffff717) auipc   a4, 0xfffff
core   0: 0x0000000080001df0 (0x20f73a23) sd      a5, 532(a4)
core   0: 0x0000000080001df4 (0x0000006f) j       pc + 0x0
simulator: Unexpected EOF on RPC channel sock3293470
** Fatal: Kernel lost connection to front end process.
simulator: Unexpected EOF on RPC channel sock3293d60
** Fatal: Read failure in vlm process (0,0)
make: *** [sim] Error 130
